12:11:20.673 [main] INFO  api.test.UserTests -****************Creating User******************
12:11:27.272 [main] INFO  api.test.UserTests -****************Reading User Info******************
12:11:28.550 [main] INFO  api.test.UserTests -****************Updating User******************
12:11:31.025 [main] INFO  api.test.UserTests -****************Deleting User******************
15:30:17.551 [main] INFO  api.test.UserTest2 -****************Creating User******************
15:30:22.205 [main] INFO  api.test.UserTest2 -****************Reading User Info******************
15:30:23.471 [main] INFO  api.test.UserTest2 -****************Updating User******************
15:30:23.543 [main] INFO  api.test.UserTest2 -****************Deleting User******************
15:32:20.447 [main] INFO  api.test.UserTest2 -****************Creating User******************
15:32:24.750 [main] INFO  api.test.UserTest2 -****************Reading User Info******************
15:32:26.028 [main] INFO  api.test.UserTest2 -****************Updating User******************
15:32:26.068 [main] INFO  api.test.UserTest2 -****************Deleting User******************
15:32:26.212 [main] INFO  api.test.UserTests -****************Creating User******************
15:32:27.445 [main] INFO  api.test.UserTests -****************Reading User Info******************
15:32:28.686 [main] INFO  api.test.UserTests -****************Updating User******************
15:32:31.120 [main] INFO  api.test.UserTests -****************Deleting User******************
15:36:06.208 [main] INFO  api.test.UserTest2 -****************Creating User******************
15:36:11.456 [main] INFO  api.test.UserTest2 -****************Reading User Info******************
15:36:12.817 [main] INFO  api.test.UserTest2 -****************Updating User******************
15:36:12.841 [main] INFO  api.test.UserTest2 -****************Deleting User******************
15:39:27.664 [main] INFO  api.test.UserTest2 -****************Creating User******************
15:39:31.860 [main] INFO  api.test.UserTest2 -****************Reading User Info******************
15:39:33.212 [main] INFO  api.test.UserTest2 -****************Updating User******************
15:39:35.668 [main] INFO  api.test.UserTest2 -****************Deleting User******************
15:50:36.667 [main] INFO  api.test.UserTest2 -****************Creating User******************
15:50:44.745 [main] INFO  api.test.UserTest2 -****************Reading User Info******************
15:50:45.985 [main] INFO  api.test.UserTest2 -****************Updating User******************
15:50:48.534 [main] INFO  api.test.UserTest2 -****************Deleting User******************
16:08:08.988 [main] INFO  api.test.UserTest2 -****************Creating User******************
16:08:14.243 [main] INFO  api.test.UserTest2 -****************Reading User Info******************
16:08:15.542 [main] INFO  api.test.UserTest2 -****************Updating User******************
16:08:17.925 [main] INFO  api.test.UserTest2 -****************Deleting User******************
